[*] Running CTF
===============1===============
参数1 >  0xc77370e8
参数2 >  1573654864963


===============2===============
参数1 >  0xc77370e8
参数2 >  wifi


===============3===============
参数1 >  0xc77370e8
参数2 >  1128


===============4===============
参数1 >  0xc77370e8
参数2 >  aweme


===============5===============
参数1 >  0xc77370e8
参数2 >  wandoujia


===============6===============
参数1 >  0xc77370e8
参数2 >  20


===============7===============
参数1 >  0xc77370e8
参数2 >  0


===============8===============
参数1 >  0xc77370e8
参数2 >  Xiaomi


===============9===============
参数1 >  0xc77370e8
参数2 >  69143529399


===============10===============
参数1 >  0xc77370e8
参数2 >  android


===============11===============
参数1 >  0xc77370e8
参数2 >  MI 8 UD


===============12===============
参数1 >  0xc77370e8
参数2 >  440


===============13===============
参数1 >  0xc77370e8
参数2 >  88263783316


===============14===============
参数1 >  0xc77370e8
参数2 >  zh


===============15===============
参数1 >  0xc77370e8
参数2 >  166


===============16===============
参数1 >  0xc77370e8
参数2 >  ffa82bd3b1106594


===============17===============
参数1 >  0xc77370e8
参数2 >  28


===============18===============
参数1 >  0xc77370e8
参数2 >  9


===============19===============
参数1 >  0xc77370e8
参数2 >  1080*2029


===============20===============
参数1 >  0xc77370e8
参数2 >  no_retry


===============21===============
参数1 >  0xc77370e8
参数2 >  efc84c17


===============22===============
参数1 >  0xc77370e8
参数2 >  a


===============23===============
参数1 >  0xc77370e8
参数2 >  1573654865


===============24===============
参数1 >  0xc77370e8
参数2 >  1662


===============25===============
参数1 >  0xc77370e8
参数2 >  868695035559432


===============26===============
参数1 >  0xc77370e8
参数2 >  166


===============27===============
参数1 >  0xc77370e8
参数2 >  1.6.6


===============28===============
参数1 >  0xcf293148
参数2 >  1573654864963


===============29===============
参数1 >  0xcf293148
参数2 >  wifi


===============30===============
参数1 >  0xcf293148
参数2 >  1128


===============31===============
参数1 >  0xcf293148
参数2 >  aweme


===============32===============
参数1 >  0xcf293148
参数2 >  wandoujia


===============33===============
参数1 >  0xcf293148
参数2 >  6


===============34===============
参数1 >  0xcf293148
参数2 >  Xiaomi


===============35===============
参数1 >  0xcf293148
参数2 >  69143529399


===============36===============
参数1 >  0xcf293148
参数2 >  android


===============37===============
参数1 >  0xcf293148
参数2 >  MI 8 UD


===============38===============
参数1 >  0xcf293148
参数2 >  440


===============39===============
参数1 >  0xcf293148
参数2 >  88263783316


===============40===============
参数1 >  0xcf293148
参数2 >  zh


===============41===============
参数1 >  0xcf293148
参数2 >  166


===============42===============
参数1 >  0xcf293148
参数2 >  0


===============43===============
参数1 >  0xcf293148
参数2 >  0


===============44===============
参数1 >  0xcf293148
参数2 >  ffa82bd3b1106594


===============45===============
参数1 >  0xcf293148
参数2 >  28


===============46===============
参数1 >  0xcf293148
参数2 >  9


===============47===============
参数1 >  0xcf293148
参数2 >  1080*2029


===============48===============
参数1 >  0xcf293148
参数2 >  no_retry


===============49===============
参数1 >  0xcf293148
参数2 >  efc84c17


===============50===============
参数1 >  0xcf293148
参数2 >  a


===============51===============
参数1 >  0xcf293148
参数2 >  1573654865


===============52===============
参数1 >  0xcf293148
参数2 >  0


===============53===============
参数1 >  0xcf293148
参数2 >  1662


===============54===============
参数1 >  0xcf293148
参数2 >  868695035559432


===============55===============
参数1 >  0xcf293148
参数2 >  166


===============56===============
参数1 >  0xcf293148
参数2 >  1.6.6


===============57===============
参数1 >  0xcf293148
参数2 >  0.0


===============58===============
参数1 >  0xc6bff0f8
参数2 >  1573654864963


===============59===============
参数1 >  0xc6bff0f8
参数2 >  wifi


===============60===============
参数1 >  0xc6bff0f8
参数2 >  1128


===============61===============
参数1 >  0xc6bff0f8
参数2 >  aweme


===============62===============
参数1 >  0xc6bff0f8
参数2 >  wandoujia


===============63===============
参数1 >  0xc6bff0f8
参数2 >  Xiaomi


===============64===============
参数1 >  0xc6bff0f8
参数2 >  69143529399


===============65===============
参数1 >  0xc6bff0f8
参数2 >  android


===============66===============
参数1 >  0xc6bff0f8
参数2 >  MI 8 UD


===============67===============
参数1 >  0xc6bff0f8
参数2 >  440


===============68===============
参数1 >  0xc6bff0f8
参数2 >  88263783316


===============69===============
参数1 >  0xc6bff0f8
参数2 >  zh


===============70===============
参数1 >  0xc6bff0f8
参数2 >  166


===============71===============
参数1 >  0xc6bff0f8
参数2 >  ffa82bd3b1106594


===============72===============
参数1 >  0xc6bff0f8
参数2 >  28


===============73===============
参数1 >  0xc6bff0f8
参数2 >  9


===============74===============
参数1 >  0xc6bff0f8
参数2 >  1080*2029


===============75===============
参数1 >  0xc6bff0f8
参数2 >  no_retry


===============76===============
参数1 >  0xc6bff0f8
参数2 >  efc84c17


===============77===============
参数1 >  0xc6bff0f8
参数2 >  a


===============78===============
参数1 >  0xc6bff0f8
参数2 >  1573654865


===============79===============
参数1 >  0xc6bff0f8
参数2 >  1662


===============80===============
参数1 >  0xc6bff0f8
参数2 >  97522981996


===============81===============
参数1 >  0xc6bff0f8
参数2 >  868695035559432


===============82===============
参数1 >  0xc6bff0f8
参数2 >  166


===============83===============
参数1 >  0xc6bff0f8
参数2 >  1.6.6


===============84===============
参数1 >  0xcf2930a8
参数2 >  1573654866005


===============85===============
参数1 >  0xcf2930a8
参数2 >  wifi


===============86===============
参数1 >  0xcf2930a8
参数2 >  1128


===============87===============
参数1 >  0xcf2930a8
参数2 >  aweme


===============88===============
参数1 >  0xcf2930a8
参数2 >  wandoujia


===============89===============
参数1 >  0xcf2930a8
参数2 >  Xiaomi


===============90===============
参数1 >  0xcf2930a8
参数2 >  69143529399


===============91===============
参数1 >  0xcf2930a8
参数2 >  android


===============92===============
参数1 >  0xcf2930a8
参数2 >  MI 8 UD


===============93===============
参数1 >  0xcf2930a8
参数2 >  440


===============94===============
参数1 >  0xcf2930a8
参数2 >  88263783316


===============95===============
参数1 >  0xcf2930a8
参数2 >  zh


===============96===============
参数1 >  0xcf2930a8
参数2 >  166


===============97===============
参数1 >  0xcf2930a8
参数2 >  ffa82bd3b1106594


===============98===============
参数1 >  0xcf2930a8
参数2 >  28


===============99===============
参数1 >  0xcf2930a8
参数2 >  9


===============100===============
参数1 >  0xcf2930a8
参数2 >  1080*2029


===============101===============
参数1 >  0xcf2930a8
参数2 >  no_retry


===============102===============
参数1 >  0xcf2930a8
参数2 >  efc84c17


===============103===============
参数1 >  0xcf2930a8
参数2 >  a


===============104===============
参数1 >  0xcf2930a8
参数2 >  1573654866


===============105===============
参数1 >  0xcf2930a8
参数2 >  1662


===============106===============
参数1 >  0xcf2930a8
参数2 >  58584010601


===============107===============
参数1 >  0xcf2930a8
参数2 >  868695035559432


===============108===============
参数1 >  0xcf2930a8
参数2 >  166


===============109===============
参数1 >  0xcf2930a8
参数2 >  1.6.6


===============110===============
参数1 >  0xcf293188
参数2 >  1573654866243


===============111===============
参数1 >  0xcf293188
参数2 >  wifi


===============112===============
参数1 >  0xcf293188
参数2 >  1128


===============113===============
参数1 >  0xcf293188
参数2 >  aweme


===============114===============
参数1 >  0xcf293188
参数2 >  0


===============115===============
参数1 >  0xcf293188
参数2 >  wandoujia


===============116===============
参数1 >  0xcf293188
参数2 >  Xiaomi


===============117===============
参数1 >  0xcf293188
参数2 >  69143529399


===============118===============
参数1 >  0xcf293188
参数2 >  android


===============119===============
参数1 >  0xcf293188
参数2 >  MI 8 UD


===============120===============
参数1 >  0xcf293188
参数2 >  440


===============121===============
参数1 >  0xcf293188
参数2 >  88263783316


===============122===============
参数1 >  0xcf293188
参数2 >  6758793412503260419


===============123===============
参数1 >  0xcf293188
参数2 >  zh


===============124===============
参数1 >  0xcf293188
参数2 >  166


===============125===============
参数1 >  0xcf293188
参数2 >  ffa82bd3b1106594


===============126===============
参数1 >  0xcf293188
参数2 >  28


===============127===============
参数1 >  0xcf293188
参数2 >  9


===============128===============
参数1 >  0xcf293188
参数2 >  1


===============129===============
参数1 >  0xcf293188
参数2 >  1080*2029


===============130===============
参数1 >  0xcf293188
参数2 >  no_retry


===============131===============
参数1 >  0xcf293188
参数2 >  efc84c17


===============132===============
参数1 >  0xcf293188
参数2 >  a


===============133===============
参数1 >  0xcf293188
参数2 >  0


===============134===============
参数1 >  0xcf293188
参数2 >  1573654867


===============135===============
参数1 >  0xcf293188
参数2 >  1662


===============136===============
参数1 >  0xcf293188
参数2 >  868695035559432


===============137===============
参数1 >  0xcf293188
参数2 >  166


===============138===============
参数1 >  0xcf293188
参数2 >  1.6.6


